& C:/Python314/python.exe c:/Users/Jason/Projects/TRACKING-TASKS2/update_all_bartrac.py
Found 5 BARTRAC file(s) to process.

============================================================
Processing: BARTRAC - CONGO TRACKING 15-06-2026.xlsx
============================================================
📁 Backup created: C:\Users\Jason\Projects\TRACKING-TASKS2\BARTRAC-TRACKING\BARTRAC - CONGO TRACKING 15-06-2026_backup_20260615_150807.xlsx
Opening BARTRAC file: C:\Users\Jason\Projects\TRACKING-TASKS2\BARTRAC-TRACKING\BARTRAC - CONGO TRACKING 15-06-2026.xlsx
❌ Failed to process BARTRAC - CONGO TRACKING 15-06-2026.xlsx: 'Worksheet ENROUTE SITE does not exist.'

============================================================
Processing: BARTRAC - ERG TRACKING 15-06-2026.xlsx
============================================================
📁 Backup created: C:\Users\Jason\Projects\TRACKING-TASKS2\BARTRAC-TRACKING\BARTRAC - ERG TRACKING 15-06-2026_backup_20260615_150809.xlsx
Opening BARTRAC file: C:\Users\Jason\Projects\TRACKING-TASKS2\BARTRAC-TRACKING\BARTRAC - ERG TRACKING 15-06-2026.xlsx
❌ Failed to process BARTRAC - ERG TRACKING 15-06-2026.xlsx: 'Worksheet ENROUTE SITE does not exist.'

============================================================
Processing: BARTRAC - KAMOA TRACKING AS OF 15-06-2026.xlsx
============================================================
📁 Backup created: C:\Users\Jason\Projects\TRACKING-TASKS2\BARTRAC-TRACKING\BARTRAC - KAMOA TRACKING AS OF 15-06-2026_backup_20260615_150809.xlsx
Opening BARTRAC file: C:\Users\Jason\Projects\TRACKING-TASKS2\BARTRAC-TRACKING\BARTRAC - KAMOA TRACKING AS OF 15-06-2026.xlsx
Reading FML file: C:\Users\Jason\Projects\TRACKING-TASKS2\vendor-report\FML CAT 6060.xlsx
❌ FML: No row found for truck 'FV44CKGP' (component: CAT 6060 FRAME (RH))
❌ FML: No row found for truck 'B951BRN' (component: CAT 6060 FRAME (LH))
❌ FML: No row found for truck 'KP92RMGP' (component: CAT 6060 CAR BODY)
❌ FML: No row found for truck 'MP78HBGP' (component: CAT 6060 CHASSIS)
❌ FML: No row found for truck 'BT14FTGP' (component: CAT 6060 MODULE AR POWER)
❌ FML: No row found for truck 'CP46TLGP' (component: CAT 6060 RISER,COOLER,CABIN,HYDRAULICS)
❌ FML: No row found for truck 'BT33PGZN' (component: CAT 6060 COUNTERWEIGHT LOWER)
❌ FML: No row found for truck 'LH95JBGP' (component: CAT 6060 BOOM)
❌ FML: No row found for truck 'BT33NKZN' (component: CAT 6060 STICK)
❌ FML: No row found for truck 'AGJ9934' (component: CAT 6060 COUNTERWEIGHT UPPER)
📊 FML total rows updated: 0
Reading ORIENTO file: C:\Users\Jason\Projects\TRACKING-TASKS2\vendor-report\ORIENTO TRACKING REPORT TO FML (DURBAN PORT TO KCC_.xlsx
Found 6 truck entries in ORIENTO report (using CURRENT LOCATION)
❌ ORIENTO: No row found for truck 'BCJ768ZM'
❌ ORIENTO: No row found for truck 'BCG843ZM'
❌ ORIENTO: No row found for truck 'BCG6026ZM'
❌ ORIENTO: No row found for truck 'BCG7922ZM'
❌ ORIENTO: No row found for truck 'BCH3639ZM'
❌ ORIENTO: No row found for truck 'BCG4022ZM'
📊 ORIENTO total rows updated: 0
Reading NATRANS file: C:\Users\Jason\Projects\TRACKING-TASKS2\vendor-report\FML CAT6060 KOLWEZI BA3188.xlsx
Found 10 truck entries in FML CAT6060 KOLWEZI BA3188.xlsx (using last milestone)
❌ NATRANS (FML CAT6060 KOLWEZI BA3188.xlsx): No row found for truck 'HZ64MTGP'
❌ NATRANS (FML CAT6060 KOLWEZI BA3188.xlsx): No row found for truck 'KB15KRGP'
❌ NATRANS (FML CAT6060 KOLWEZI BA3188.xlsx): No row found for truck 'LL76SZGP'
❌ NATRANS (FML CAT6060 KOLWEZI BA3188.xlsx): No row found for truck 'MP88PXGP'
❌ NATRANS (FML CAT6060 KOLWEZI BA3188.xlsx): No row found for truck 'DG63GMZN'
❌ NATRANS (FML CAT6060 KOLWEZI BA3188.xlsx): No row found for truck 'BP43GGZN'
❌ NATRANS (FML CAT6060 KOLWEZI BA3188.xlsx): No row found for truck 'CL70WLZN'
❌ NATRANS (FML CAT6060 KOLWEZI BA3188.xlsx): No row found for truck 'CM09LLZN'
❌ NATRANS (FML CAT6060 KOLWEZI BA3188.xlsx): No row found for truck 'CD46KBZN'
❌ NATRANS (FML CAT6060 KOLWEZI BA3188.xlsx): No row found for truck 'CV76JXZN'
📊 NATRANS (FML CAT6060 KOLWEZI BA3188.xlsx) total rows updated: 0
Reading NATRANS file: C:\Users\Jason\Projects\TRACKING-TASKS2\vendor-report\FML CAT6030 SAKANIA BA3159.xlsx
Found 8 truck entries in FML CAT6030 SAKANIA BA3159.xlsx (using last milestone)
❌ NATRANS (FML CAT6030 SAKANIA BA3159.xlsx): No row found for truck 'LG 13 WD GP'
❌ NATRANS (FML CAT6030 SAKANIA BA3159.xlsx): No row found for truck 'LG 82 TW GP'
❌ NATRANS (FML CAT6030 SAKANIA BA3159.xlsx): No row found for truck 'LG 13 ZY GP'
❌ NATRANS (FML CAT6030 SAKANIA BA3159.xlsx): No row found for truck 'LH 94 MD GP'
❌ NATRANS (FML CAT6030 SAKANIA BA3159.xlsx): No row found for truck 'CT37XJZN'
❌ NATRANS (FML CAT6030 SAKANIA BA3159.xlsx): No row found for truck 'LG 14 BM GP'
❌ NATRANS (FML CAT6030 SAKANIA BA3159.xlsx): No row found for truck 'LK65PXGP'
❌ NATRANS (FML CAT6030 SAKANIA BA3159.xlsx): No row found for truck 'LL72BGGP'
📊 NATRANS (FML CAT6030 SAKANIA BA3159.xlsx) total rows updated: 0
💾 Saving changes to original file: C:\Users\Jason\Projects\TRACKING-TASKS2\BARTRAC-TRACKING\BARTRAC - KAMOA TRACKING AS OF 15-06-2026.xlsx

============================================================
Processing: BARTRAC - KCC TRACKING AS OF 15-06-2026.xlsx
============================================================
📁 Backup created: C:\Users\Jason\Projects\TRACKING-TASKS2\BARTRAC-TRACKING\BARTRAC - KCC TRACKING AS OF 15-06-2026_backup_20260615_150811.xlsx
Opening BARTRAC file: C:\Users\Jason\Projects\TRACKING-TASKS2\BARTRAC-TRACKING\BARTRAC - KCC TRACKING AS OF 15-06-2026.xlsx
Reading FML file: C:\Users\Jason\Projects\TRACKING-TASKS2\vendor-report\FML CAT 6060.xlsx
✅ FML: Updated row 24 for CAT 6060 FRAME (RH) (truck FV44CKGP) → 'WHISKY' (was: 'KAFUE - EN ROUTE KASUMBALESA')
✅ FML: Updated row 25 for CAT 6060 FRAME (LH) (truck B951BRN) → 'WHISKY' (was: 'KAFUE - EN ROUTE KASUMBALESA')
✅ FML: Updated row 26 for CAT 6060 CAR BODY (truck KP92RMGP) → '3KM TO KASUMBALESA' (was: 'KAFUE - EN ROUTE KASUMBALESA')
✅ FML: Updated row 27 for CAT 6060 CHASSIS (truck MP78HBGP) → 'CHISAMBA' (was: 'KAFUE - EN ROUTE KASUMBALESA')
✅ FML: Updated row 28 for CAT 6060 MODULE AR POWER (truck BT14FTGP) → '3KM TO KASUMBALESA' (was: 'KAFUE - EN ROUTE KASUMBALESA')
✅ FML: Updated row 29 for CAT 6060 RISER,COOLER,CABIN,HYDRAULICS (truck CP46TLGP) → 'WHISKY' (was: 'KAFUE - EN ROUTE KASUMBALESA')
✅ FML: Updated row 30 for CAT 6060 COUNTERWEIGHT LOWER (truck BT33PGZN) → 'WHISKY' (was: 'KAFUE - EN ROUTE KASUMBALESA')
✅ FML: Updated row 31 for CAT 6060 BOOM (truck LH95JBGP) → 'CHIRUNDU-ZIM SIDE' (was: 'KAFUE - EN ROUTE KASUMBALESA')
✅ FML: Updated row 32 for CAT 6060 STICK (truck BT33NKZN) → 'WHISKY' (was: 'KAFUE - EN ROUTE KASUMBALESA')
✅ FML: Updated row 33 for CAT 6060 COUNTERWEIGHT UPPER (truck AGJ9934) → 'WISKY' (was: 'KAFUE - EN ROUTE KASUMBALESA')
📊 FML total rows updated: 10
Reading ORIENTO file: C:\Users\Jason\Projects\TRACKING-TASKS2\vendor-report\ORIENTO TRACKING REPORT TO FML (DURBAN PORT TO KCC_.xlsx
Found 6 truck entries in ORIENTO report (using CURRENT LOCATION)
✅ ORIENTO: Updated row 36 (truck BCJ768ZM) → 'CHINGOLA' (was: 'KAFUE - EN ROUTE KASUMBALESA')
✅ ORIENTO: Updated row 35 (truck BCG843ZM) → 'CHINGOLA' (was: 'KAFUE - EN ROUTE KASUMBALESA')
✅ ORIENTO: Updated row 34 (truck BCG6026ZM) → 'CHINGOLA' (was: 'KAFUE - EN ROUTE KASUMBALESA')
✅ ORIENTO: Updated row 37 (truck BCG7922ZM) → 'CHINGOLA' (was: 'KAFUE - EN ROUTE KASUMBALESA')
✅ ORIENTO: Updated row 38 (truck BCH3639ZM) → 'CHINGOLA' (was: 'KAFUE - EN ROUTE KASUMBALESA')
✅ ORIENTO: Updated row 39 (truck BCG4022ZM) → 'KASUMBALESA-MOKAMBO PEAGE' (was: 'KAFUE - EN ROUTE KASUMBALESA')
📊 ORIENTO total rows updated: 6
Reading NATRANS file: C:\Users\Jason\Projects\TRACKING-TASKS2\vendor-report\FML CAT6060 KOLWEZI BA3188.xlsx
Found 10 truck entries in FML CAT6060 KOLWEZI BA3188.xlsx (using last milestone)
✅ NATRANS (FML CAT6060 KOLWEZI BA3188.xlsx): Updated row 7 (truck HZ64MTGP) → 'WHISKEY DAY 2' (was: 'KASUMBALESA - DRC SIDE')
✅ NATRANS (FML CAT6060 KOLWEZI BA3188.xlsx): Updated row 8 (truck KB15KRGP) → 'KAFUE ON BREAKDOWN. WAITING PARTS FROM SA' (was: 'KAFUE - EN ROUTE KASUMBALESA')
✅ NATRANS (FML CAT6060 KOLWEZI BA3188.xlsx): Updated row 9 (truck LL76SZGP) → 'WHISKEY DAY 1' (was: 'KABWE - EN ROUTE KASUMBALESA')
✅ NATRANS (FML CAT6060 KOLWEZI BA3188.xlsx): Updated row 10 (truck MP88PXGP) → 'WHISKEY DAY 1' (was: 'KAPIRI MPOSHI - EN ROUTE KASUMBALESA')
✅ NATRANS (FML CAT6060 KOLWEZI BA3188.xlsx): Updated row 11 (truck DG63GMZN) → 'CHINGOLA' (was: 'LUSAKA - EN ROUTE KASUMBALESA')
✅ NATRANS (FML CAT6060 KOLWEZI BA3188.xlsx): Updated row 12 (truck BP43GGZN) → 'MIDDELBURG ATTENDING TO BREAKDOWN' (was: 'MIDDLEBERG ENROUTE BEIT BRIDGE ')
✅ NATRANS (FML CAT6060 KOLWEZI BA3188.xlsx): Updated row 13 (truck CL70WLZN) → 'KASUM ZAM' (was: 'KAPIRI MPOSHI - EN ROUTE KASUMBALESA')
✅ NATRANS (FML CAT6060 KOLWEZI BA3188.xlsx): Updated row 14 (truck CM09LLZN) → 'MAKUTI' (was: 'HARARE - EN ROUTE CHIRUNDU')
✅ NATRANS (FML CAT6060 KOLWEZI BA3188.xlsx): Updated row 15 (truck CD46KBZN) → 'KASUM ZAM' (was: 'KAPIRI MPOSHI - EN ROUTE KASUMBALESA')
✅ NATRANS (FML CAT6060 KOLWEZI BA3188.xlsx): Updated row 16 (truck CV76JXZN) → 'KWEKWE' (was: 'BBR - SA SIDE')
📊 NATRANS (FML CAT6060 KOLWEZI BA3188.xlsx) total rows updated: 10
Reading NATRANS file: C:\Users\Jason\Projects\TRACKING-TASKS2\vendor-report\FML CAT6030 SAKANIA BA3159.xlsx
Found 8 truck entries in FML CAT6030 SAKANIA BA3159.xlsx (using last milestone)
❌ NATRANS (FML CAT6030 SAKANIA BA3159.xlsx): No row found for truck 'LG 13 WD GP'
❌ NATRANS (FML CAT6030 SAKANIA BA3159.xlsx): No row found for truck 'LG 82 TW GP'
❌ NATRANS (FML CAT6030 SAKANIA BA3159.xlsx): No row found for truck 'LG 13 ZY GP'
❌ NATRANS (FML CAT6030 SAKANIA BA3159.xlsx): No row found for truck 'LH 94 MD GP'
❌ NATRANS (FML CAT6030 SAKANIA BA3159.xlsx): No row found for truck 'CT37XJZN'
❌ NATRANS (FML CAT6030 SAKANIA BA3159.xlsx): No row found for truck 'LG 14 BM GP'
❌ NATRANS (FML CAT6030 SAKANIA BA3159.xlsx): No row found for truck 'LK65PXGP'
❌ NATRANS (FML CAT6030 SAKANIA BA3159.xlsx): No row found for truck 'LL72BGGP'
📊 NATRANS (FML CAT6030 SAKANIA BA3159.xlsx) total rows updated: 0
💾 Saving changes to original file: C:\Users\Jason\Projects\TRACKING-TASKS2\BARTRAC-TRACKING\BARTRAC - KCC TRACKING AS OF 15-06-2026.xlsx

============================================================
Processing: BARTRAC - MUMI TRACKING AS OF 15-06-2026.xlsx
============================================================
📁 Backup created: C:\Users\Jason\Projects\TRACKING-TASKS2\BARTRAC-TRACKING\BARTRAC - MUMI TRACKING AS OF 15-06-2026_backup_20260615_150811.xlsx
Opening BARTRAC file: C:\Users\Jason\Projects\TRACKING-TASKS2\BARTRAC-TRACKING\BARTRAC - MUMI TRACKING AS OF 15-06-2026.xlsx
Reading FML file: C:\Users\Jason\Projects\TRACKING-TASKS2\vendor-report\FML CAT 6060.xlsx
❌ FML: No row found for truck 'FV44CKGP' (component: CAT 6060 FRAME (RH))
❌ FML: No row found for truck 'B951BRN' (component: CAT 6060 FRAME (LH))
❌ FML: No row found for truck 'KP92RMGP' (component: CAT 6060 CAR BODY)
❌ FML: No row found for truck 'MP78HBGP' (component: CAT 6060 CHASSIS)
❌ FML: No row found for truck 'BT14FTGP' (component: CAT 6060 MODULE AR POWER)
❌ FML: No row found for truck 'CP46TLGP' (component: CAT 6060 RISER,COOLER,CABIN,HYDRAULICS)
❌ FML: No row found for truck 'BT33PGZN' (component: CAT 6060 COUNTERWEIGHT LOWER)
❌ FML: No row found for truck 'LH95JBGP' (component: CAT 6060 BOOM)
❌ FML: No row found for truck 'BT33NKZN' (component: CAT 6060 STICK)
❌ FML: No row found for truck 'AGJ9934' (component: CAT 6060 COUNTERWEIGHT UPPER)
📊 FML total rows updated: 0
Reading ORIENTO file: C:\Users\Jason\Projects\TRACKING-TASKS2\vendor-report\ORIENTO TRACKING REPORT TO FML (DURBAN PORT TO KCC_.xlsx
Found 6 truck entries in ORIENTO report (using CURRENT LOCATION)
❌ ORIENTO: No row found for truck 'BCJ768ZM'
❌ ORIENTO: No row found for truck 'BCG843ZM'
❌ ORIENTO: No row found for truck 'BCG6026ZM'
❌ ORIENTO: No row found for truck 'BCG7922ZM'
❌ ORIENTO: No row found for truck 'BCH3639ZM'
❌ ORIENTO: No row found for truck 'BCG4022ZM'
📊 ORIENTO total rows updated: 0
Reading NATRANS file: C:\Users\Jason\Projects\TRACKING-TASKS2\vendor-report\FML CAT6060 KOLWEZI BA3188.xlsx
Found 10 truck entries in FML CAT6060 KOLWEZI BA3188.xlsx (using last milestone)
❌ NATRANS (FML CAT6060 KOLWEZI BA3188.xlsx): No row found for truck 'HZ64MTGP'
❌ NATRANS (FML CAT6060 KOLWEZI BA3188.xlsx): No row found for truck 'KB15KRGP'
❌ NATRANS (FML CAT6060 KOLWEZI BA3188.xlsx): No row found for truck 'LL76SZGP'
❌ NATRANS (FML CAT6060 KOLWEZI BA3188.xlsx): No row found for truck 'MP88PXGP'
❌ NATRANS (FML CAT6060 KOLWEZI BA3188.xlsx): No row found for truck 'DG63GMZN'
❌ NATRANS (FML CAT6060 KOLWEZI BA3188.xlsx): No row found for truck 'BP43GGZN'
❌ NATRANS (FML CAT6060 KOLWEZI BA3188.xlsx): No row found for truck 'CL70WLZN'
❌ NATRANS (FML CAT6060 KOLWEZI BA3188.xlsx): No row found for truck 'CM09LLZN'
❌ NATRANS (FML CAT6060 KOLWEZI BA3188.xlsx): No row found for truck 'CD46KBZN'
❌ NATRANS (FML CAT6060 KOLWEZI BA3188.xlsx): No row found for truck 'CV76JXZN'
📊 NATRANS (FML CAT6060 KOLWEZI BA3188.xlsx) total rows updated: 0
Reading NATRANS file: C:\Users\Jason\Projects\TRACKING-TASKS2\vendor-report\FML CAT6030 SAKANIA BA3159.xlsx
Found 8 truck entries in FML CAT6030 SAKANIA BA3159.xlsx (using last milestone)
❌ NATRANS (FML CAT6030 SAKANIA BA3159.xlsx): No row found for truck 'LG 13 WD GP'
❌ NATRANS (FML CAT6030 SAKANIA BA3159.xlsx): No row found for truck 'LG 82 TW GP'
❌ NATRANS (FML CAT6030 SAKANIA BA3159.xlsx): No row found for truck 'LG 13 ZY GP'
❌ NATRANS (FML CAT6030 SAKANIA BA3159.xlsx): No row found for truck 'LH 94 MD GP'
❌ NATRANS (FML CAT6030 SAKANIA BA3159.xlsx): No row found for truck 'CT37XJZN'
❌ NATRANS (FML CAT6030 SAKANIA BA3159.xlsx): No row found for truck 'LG 14 BM GP'
❌ NATRANS (FML CAT6030 SAKANIA BA3159.xlsx): No row found for truck 'LK65PXGP'
❌ NATRANS (FML CAT6030 SAKANIA BA3159.xlsx): No row found for truck 'LL72BGGP'
📊 NATRANS (FML CAT6030 SAKANIA BA3159.xlsx) total rows updated: 0
💾 Saving changes to original file: C:\Users\Jason\Projects\TRACKING-TASKS2\BARTRAC-TRACKING\BARTRAC - MUMI TRACKING AS OF 15-06-2026.xlsx

✅ All BARTRAC files processed.