& C:/Python314/python.exe c:/Users/Jason/Projects/TRACKING-TASKS2/update_all_bartrac.py
Found 5 BARTRAC file(s) to process.

============================================================
Processing: BARTRAC - CONGO TRACKING 15-06-2026.xlsx
============================================================
Using sheet: 'CURRENT SHIPMENTS '
📁 Backup created: C:\Users\Jason\Projects\TRACKING-TASKS2\BARTRAC-TRACKING\BARTRAC - CONGO TRACKING 15-06-2026_backup_20260616_133202.xlsx
Reading FML file: C:\Users\Jason\Projects\TRACKING-TASKS2\vendor-report\FML CAT 6060.xlsx
❌ FML: No row found for truck 'FV44CKGP' (component: CAT 6060 FRAME (RH))
❌ FML: No row found for truck 'B951BRN' (component: CAT 6060 FRAME (LH))
❌ FML: No row found for truck 'KP92RMGP' (component: CAT 6060 CAR BODY)
❌ FML: No row found for truck 'MP78HBGP' (component: CAT 6060 CHASSIS)
❌ FML: No row found for truck 'BT14FTGP' (component: CAT 6060 MODULE AR POWER)
❌ FML: No row found for truck 'CP46TLGP' (component: CAT 6060 RISER,COOLER,CABIN,HYDRAULICS)
❌ FML: No row found for truck 'BT33PGZN' (component: CAT 6060 COUNTERWEIGHT LOWER)
❌ FML: No row found for truck 'LH95JBGP' (component: CAT 6060 BOOM)
❌ FML: No row found for truck 'BT33NKZN' (component: CAT 6060 STICK)
❌ FML: No row found for truck 'AGJ9934' (component: CAT 6060 COUNTERWEIGHT UPPER)
📊 FML total rows updated: 0
Reading ORIENTO file: C:\Users\Jason\Projects\TRACKING-TASKS2\vendor-report\ORIENTO TRACKING REPORT TO FML (DURBAN PORT TO KCC_.xlsx (sheet: Lufu shipment )
Found 1 truck entries in ORIENTO (Lufu shipment )
❌ ORIENTO (Lufu shipment ): No row found for truck 'LZ27WFGP'
📊 ORIENTO (Lufu shipment ) total rows updated: 0
Reading ORIENTO file: C:\Users\Jason\Projects\TRACKING-TASKS2\vendor-report\ORIENTO TRACKING REPORT. - 1 X TRI-AXLE TO LOAD 1 x EG20 MOTOR GRADER -2603DSI2788 - BA2951-FREIGHTSTATIONS SA DURBAN TO KAMOA COPPER SA KOLWEZI DRC.xlsx (sheet: Lufu shipment )
Found 1 truck entries in ORIENTO (Lufu shipment )
❌ ORIENTO (Lufu shipment ): No row found for truck 'LZ27WFGP'
📊 ORIENTO (Lufu shipment ) total rows updated: 0
Reading NATRANS file: C:\Users\Jason\Projects\TRACKING-TASKS2\vendor-report\FML CAT6060 KOLWEZI BA3188.xlsx
Found 10 truck entries in FML CAT6060 KOLWEZI BA3188.xlsx
❌ NATRANS (FML CAT6060 KOLWEZI BA3188.xlsx): No row found for truck 'HZ64MTGP'
❌ NATRANS (FML CAT6060 KOLWEZI BA3188.xlsx): No row found for truck 'KB15KRGP'
❌ NATRANS (FML CAT6060 KOLWEZI BA3188.xlsx): No row found for truck 'LL76SZGP'
❌ NATRANS (FML CAT6060 KOLWEZI BA3188.xlsx): No row found for truck 'MP88PXGP'
❌ NATRANS (FML CAT6060 KOLWEZI BA3188.xlsx): No row found for truck 'DG63GMZN'
❌ NATRANS (FML CAT6060 KOLWEZI BA3188.xlsx): No row found for truck 'BP43GGZN'
❌ NATRANS (FML CAT6060 KOLWEZI BA3188.xlsx): No row found for truck 'CL70WLZN'
❌ NATRANS (FML CAT6060 KOLWEZI BA3188.xlsx): No row found for truck 'CM09LLZN'
❌ NATRANS (FML CAT6060 KOLWEZI BA3188.xlsx): No row found for truck 'CD46KBZN'
❌ NATRANS (FML CAT6060 KOLWEZI BA3188.xlsx): No row found for truck 'CV76JXZN'
📊 NATRANS (FML CAT6060 KOLWEZI BA3188.xlsx) total rows updated: 0
Reading NATRANS file: C:\Users\Jason\Projects\TRACKING-TASKS2\vendor-report\FML CAT6030 SAKANIA BA3159.xlsx
Found 8 truck entries in FML CAT6030 SAKANIA BA3159.xlsx
❌ NATRANS (FML CAT6030 SAKANIA BA3159.xlsx): No row found for truck 'LG 13 WD GP'
❌ NATRANS (FML CAT6030 SAKANIA BA3159.xlsx): No row found for truck 'LG 82 TW GP'
❌ NATRANS (FML CAT6030 SAKANIA BA3159.xlsx): No row found for truck 'LG 13 ZY GP'
❌ NATRANS (FML CAT6030 SAKANIA BA3159.xlsx): No row found for truck 'LH 94 MD GP'
❌ NATRANS (FML CAT6030 SAKANIA BA3159.xlsx): No row found for truck 'CT37XJZN'
❌ NATRANS (FML CAT6030 SAKANIA BA3159.xlsx): No row found for truck 'LG 14 BM GP'
❌ NATRANS (FML CAT6030 SAKANIA BA3159.xlsx): No row found for truck 'LK65PXGP'
❌ NATRANS (FML CAT6030 SAKANIA BA3159.xlsx): No row found for truck 'LL72BGGP'
📊 NATRANS (FML CAT6030 SAKANIA BA3159.xlsx) total rows updated: 0
Reading Vanito file: C:\Users\Jason\Projects\TRACKING-TASKS2\vendor-report\Vanito Tracking 2026 - FML DBN TO DRC.xlsx
C:\Users\Jason\AppData\Roaming\Python\Python314\site-packages\openpyxl\reader\workbook.py:118: UserWarning: Print area cannot be set to Defined name: '2 JUNE 2026 '!$B:$L.
  warn(f"Print area cannot be set to Defined name: {defn.value}.")
C:\Users\Jason\AppData\Roaming\Python\Python314\site-packages\openpyxl\reader\workbook.py:118: UserWarning: Print area cannot be set to Defined name: '3 JUNE 2026 '!$B:$L.
  warn(f"Print area cannot be set to Defined name: {defn.value}.")
Using latest sheet: '28 MAY 2026 ' (date: 2026-05-28)
Found 11 truck entries in Vanito (sheet: 28 MAY 2026 )
✅ Vanito: Updated row 4 (truck JK 89 HK GP) → 'MARBLE HALL ON ROUTE BEITBRIDGE BORDER POST' (was: 'BV NUMBER RECEIVED - PLANNED FOR NEXT WEEK, AWAITING INSPECTION DATE FROM BV RSA ')
✅ Vanito: Updated row 5 (truck HX 20 VW GP) → 'VAN REENEN AWAITING METRO COPS FOR ESCORTING' (was: 'BV NUMBER RECEIVED - PLANNED FOR NEXT WEEK, AWAITING INSPECTION DATE FROM BV RSA ')
❌ Vanito: No row found for truck 'LB 37 HS GP'
❌ Vanito: No row found for truck 'JT 84 DP GP'
❌ Vanito: No row found for truck 'ADS0539'
❌ Vanito: No row found for truck 'BW 55 TN GP'
❌ Vanito: No row found for truck 'NPL 556 GP'
❌ Vanito: No row found for truck 'HL 20 JS GP'
❌ Vanito: No row found for truck 'MX 97 ZX GP'
❌ Vanito: No row found for truck 'AEZ8835'
❌ Vanito: No row found for truck 'BF 26 VM GP'
📊 Vanito total rows updated: 2
📌 Total manual overrides applied: 0
💾 Saving changes to original file: C:\Users\Jason\Projects\TRACKING-TASKS2\BARTRAC-TRACKING\BARTRAC - CONGO TRACKING 15-06-2026.xlsx

============================================================
Processing: BARTRAC - ERG TRACKING 15-06-2026.xlsx
============================================================
Using sheet: 'CURRENT SHIPMENTS '
📁 Backup created: C:\Users\Jason\Projects\TRACKING-TASKS2\BARTRAC-TRACKING\BARTRAC - ERG TRACKING 15-06-2026_backup_20260616_133220.xlsx
Reading FML file: C:\Users\Jason\Projects\TRACKING-TASKS2\vendor-report\FML CAT 6060.xlsx
❌ FML: No row found for truck 'FV44CKGP' (component: CAT 6060 FRAME (RH))
❌ FML: No row found for truck 'B951BRN' (component: CAT 6060 FRAME (LH))
❌ FML: No row found for truck 'KP92RMGP' (component: CAT 6060 CAR BODY)
❌ FML: No row found for truck 'MP78HBGP' (component: CAT 6060 CHASSIS)
❌ FML: No row found for truck 'BT14FTGP' (component: CAT 6060 MODULE AR POWER)
❌ FML: No row found for truck 'CP46TLGP' (component: CAT 6060 RISER,COOLER,CABIN,HYDRAULICS)
❌ FML: No row found for truck 'BT33PGZN' (component: CAT 6060 COUNTERWEIGHT LOWER)
❌ FML: No row found for truck 'LH95JBGP' (component: CAT 6060 BOOM)
❌ FML: No row found for truck 'BT33NKZN' (component: CAT 6060 STICK)
❌ FML: No row found for truck 'AGJ9934' (component: CAT 6060 COUNTERWEIGHT UPPER)
📊 FML total rows updated: 0
Reading ORIENTO file: C:\Users\Jason\Projects\TRACKING-TASKS2\vendor-report\ORIENTO TRACKING REPORT TO FML (DURBAN PORT TO KCC_.xlsx (sheet: Lufu shipment )
Found 1 truck entries in ORIENTO (Lufu shipment )
❌ ORIENTO (Lufu shipment ): No row found for truck 'LZ27WFGP'
📊 ORIENTO (Lufu shipment ) total rows updated: 0
Reading ORIENTO file: C:\Users\Jason\Projects\TRACKING-TASKS2\vendor-report\ORIENTO TRACKING REPORT. - 1 X TRI-AXLE TO LOAD 1 x EG20 MOTOR GRADER -2603DSI2788 - BA2951-FREIGHTSTATIONS SA DURBAN TO KAMOA COPPER SA KOLWEZI DRC.xlsx (sheet: Lufu shipment )
Found 1 truck entries in ORIENTO (Lufu shipment )
❌ ORIENTO (Lufu shipment ): No row found for truck 'LZ27WFGP'
📊 ORIENTO (Lufu shipment ) total rows updated: 0
Reading NATRANS file: C:\Users\Jason\Projects\TRACKING-TASKS2\vendor-report\FML CAT6060 KOLWEZI BA3188.xlsx
Found 10 truck entries in FML CAT6060 KOLWEZI BA3188.xlsx
❌ NATRANS (FML CAT6060 KOLWEZI BA3188.xlsx): No row found for truck 'HZ64MTGP'
❌ NATRANS (FML CAT6060 KOLWEZI BA3188.xlsx): No row found for truck 'KB15KRGP'
❌ NATRANS (FML CAT6060 KOLWEZI BA3188.xlsx): No row found for truck 'LL76SZGP'
❌ NATRANS (FML CAT6060 KOLWEZI BA3188.xlsx): No row found for truck 'MP88PXGP'
❌ NATRANS (FML CAT6060 KOLWEZI BA3188.xlsx): No row found for truck 'DG63GMZN'
❌ NATRANS (FML CAT6060 KOLWEZI BA3188.xlsx): No row found for truck 'BP43GGZN'
❌ NATRANS (FML CAT6060 KOLWEZI BA3188.xlsx): No row found for truck 'CL70WLZN'
❌ NATRANS (FML CAT6060 KOLWEZI BA3188.xlsx): No row found for truck 'CM09LLZN'
❌ NATRANS (FML CAT6060 KOLWEZI BA3188.xlsx): No row found for truck 'CD46KBZN'
❌ NATRANS (FML CAT6060 KOLWEZI BA3188.xlsx): No row found for truck 'CV76JXZN'
📊 NATRANS (FML CAT6060 KOLWEZI BA3188.xlsx) total rows updated: 0
Reading NATRANS file: C:\Users\Jason\Projects\TRACKING-TASKS2\vendor-report\FML CAT6030 SAKANIA BA3159.xlsx
Found 8 truck entries in FML CAT6030 SAKANIA BA3159.xlsx
✅ NATRANS (FML CAT6030 SAKANIA BA3159.xlsx): Updated row 2 (truck LG 13 WD GP) → 'OFFLOADED' (was: 'LKDFGNLKDNB/ZSLBKN')
✅ NATRANS (FML CAT6030 SAKANIA BA3159.xlsx): Updated row 3 (truck LG 82 TW GP) → 'OFFLOADED' (was: 'LKDFGNLKDNB/ZSLBKN')
✅ NATRANS (FML CAT6030 SAKANIA BA3159.xlsx): Updated row 4 (truck LG 13 ZY GP) → 'OFFLOADED' (was: 'LKDFGNLKDNB/ZSLBKN')
✅ NATRANS (FML CAT6030 SAKANIA BA3159.xlsx): Updated row 5 (truck LH 94 MD GP) → 'OFFLOADED' (was: 'LKDFGNLKDNB/ZSLBKN')
✅ NATRANS (FML CAT6030 SAKANIA BA3159.xlsx): Updated row 6 (truck CT37XJZN) → 'FRONTIER BORDER ZAM SIDE WIATING DOCS' (was: 'LKDFGNLKDNB/ZSLBKN')
✅ NATRANS (FML CAT6030 SAKANIA BA3159.xlsx): Updated row 7 (truck LG 14 BM GP) → 'OFFLOADED' (was: 'LKDFGNLKDNB/ZSLBKN')
✅ NATRANS (FML CAT6030 SAKANIA BA3159.xlsx): Updated row 8 (truck LK65PXGP) → 'OFFLOADED' (was: 'LKDFGNLKDNB/ZSLBKN')
✅ NATRANS (FML CAT6030 SAKANIA BA3159.xlsx): Updated row 9 (truck LL72BGGP) → 'OFFLOADED' (was: 'LKDFGNLKDNB/ZSLBKN')
📊 NATRANS (FML CAT6030 SAKANIA BA3159.xlsx) total rows updated: 8
Reading Vanito file: C:\Users\Jason\Projects\TRACKING-TASKS2\vendor-report\Vanito Tracking 2026 - FML DBN TO DRC.xlsx
C:\Users\Jason\AppData\Roaming\Python\Python314\site-packages\openpyxl\reader\workbook.py:118: UserWarning: Print area cannot be set to Defined name: '2 JUNE 2026 '!$B:$L.
  warn(f"Print area cannot be set to Defined name: {defn.value}.")
C:\Users\Jason\AppData\Roaming\Python\Python314\site-packages\openpyxl\reader\workbook.py:118: UserWarning: Print area cannot be set to Defined name: '3 JUNE 2026 '!$B:$L.
  warn(f"Print area cannot be set to Defined name: {defn.value}.")
Using latest sheet: '28 MAY 2026 ' (date: 2026-05-28)
Found 11 truck entries in Vanito (sheet: 28 MAY 2026 )
❌ Vanito: No row found for truck 'JK 89 HK GP'
❌ Vanito: No row found for truck 'HX 20 VW GP'
❌ Vanito: No row found for truck 'LB 37 HS GP'
❌ Vanito: No row found for truck 'JT 84 DP GP'
❌ Vanito: No row found for truck 'ADS0539'
❌ Vanito: No row found for truck 'BW 55 TN GP'
❌ Vanito: No row found for truck 'NPL 556 GP'
❌ Vanito: No row found for truck 'HL 20 JS GP'
❌ Vanito: No row found for truck 'MX 97 ZX GP'
❌ Vanito: No row found for truck 'AEZ8835'
❌ Vanito: No row found for truck 'BF 26 VM GP'
📊 Vanito total rows updated: 0
📌 Total manual overrides applied: 0
💾 Saving changes to original file: C:\Users\Jason\Projects\TRACKING-TASKS2\BARTRAC-TRACKING\BARTRAC - ERG TRACKING 15-06-2026.xlsx

============================================================
Processing: BARTRAC - KAMOA TRACKING AS OF 15-06-2026.xlsx
============================================================
Using sheet: 'ENROUTE SITE'
📁 Backup created: C:\Users\Jason\Projects\TRACKING-TASKS2\BARTRAC-TRACKING\BARTRAC - KAMOA TRACKING AS OF 15-06-2026_backup_20260616_133233.xlsx
Reading FML file: C:\Users\Jason\Projects\TRACKING-TASKS2\vendor-report\FML CAT 6060.xlsx
❌ FML: No row found for truck 'FV44CKGP' (component: CAT 6060 FRAME (RH))
❌ FML: No row found for truck 'B951BRN' (component: CAT 6060 FRAME (LH))
❌ FML: No row found for truck 'KP92RMGP' (component: CAT 6060 CAR BODY)
❌ FML: No row found for truck 'MP78HBGP' (component: CAT 6060 CHASSIS)
❌ FML: No row found for truck 'BT14FTGP' (component: CAT 6060 MODULE AR POWER)
❌ FML: No row found for truck 'CP46TLGP' (component: CAT 6060 RISER,COOLER,CABIN,HYDRAULICS)
❌ FML: No row found for truck 'BT33PGZN' (component: CAT 6060 COUNTERWEIGHT LOWER)
❌ FML: No row found for truck 'LH95JBGP' (component: CAT 6060 BOOM)
❌ FML: No row found for truck 'BT33NKZN' (component: CAT 6060 STICK)
❌ FML: No row found for truck 'AGJ9934' (component: CAT 6060 COUNTERWEIGHT UPPER)
📊 FML total rows updated: 0
Reading ORIENTO file: C:\Users\Jason\Projects\TRACKING-TASKS2\vendor-report\ORIENTO TRACKING REPORT TO FML (DURBAN PORT TO KCC_.xlsx (sheet: Lufu shipment )
Found 1 truck entries in ORIENTO (Lufu shipment )
❌ ORIENTO (Lufu shipment ): No row found for truck 'LZ27WFGP'
📊 ORIENTO (Lufu shipment ) total rows updated: 0
Reading ORIENTO file: C:\Users\Jason\Projects\TRACKING-TASKS2\vendor-report\ORIENTO TRACKING REPORT. - 1 X TRI-AXLE TO LOAD 1 x EG20 MOTOR GRADER -2603DSI2788 - BA2951-FREIGHTSTATIONS SA DURBAN TO KAMOA COPPER SA KOLWEZI DRC.xlsx (sheet: Lufu shipment )
Found 1 truck entries in ORIENTO (Lufu shipment )
❌ ORIENTO (Lufu shipment ): No row found for truck 'LZ27WFGP'
📊 ORIENTO (Lufu shipment ) total rows updated: 0
Reading NATRANS file: C:\Users\Jason\Projects\TRACKING-TASKS2\vendor-report\FML CAT6060 KOLWEZI BA3188.xlsx
Found 10 truck entries in FML CAT6060 KOLWEZI BA3188.xlsx
❌ NATRANS (FML CAT6060 KOLWEZI BA3188.xlsx): No row found for truck 'HZ64MTGP'
❌ NATRANS (FML CAT6060 KOLWEZI BA3188.xlsx): No row found for truck 'KB15KRGP'
❌ NATRANS (FML CAT6060 KOLWEZI BA3188.xlsx): No row found for truck 'LL76SZGP'
❌ NATRANS (FML CAT6060 KOLWEZI BA3188.xlsx): No row found for truck 'MP88PXGP'
❌ NATRANS (FML CAT6060 KOLWEZI BA3188.xlsx): No row found for truck 'DG63GMZN'
❌ NATRANS (FML CAT6060 KOLWEZI BA3188.xlsx): No row found for truck 'BP43GGZN'
❌ NATRANS (FML CAT6060 KOLWEZI BA3188.xlsx): No row found for truck 'CL70WLZN'
❌ NATRANS (FML CAT6060 KOLWEZI BA3188.xlsx): No row found for truck 'CM09LLZN'
❌ NATRANS (FML CAT6060 KOLWEZI BA3188.xlsx): No row found for truck 'CD46KBZN'
❌ NATRANS (FML CAT6060 KOLWEZI BA3188.xlsx): No row found for truck 'CV76JXZN'
📊 NATRANS (FML CAT6060 KOLWEZI BA3188.xlsx) total rows updated: 0
Reading NATRANS file: C:\Users\Jason\Projects\TRACKING-TASKS2\vendor-report\FML CAT6030 SAKANIA BA3159.xlsx
Found 8 truck entries in FML CAT6030 SAKANIA BA3159.xlsx
❌ NATRANS (FML CAT6030 SAKANIA BA3159.xlsx): No row found for truck 'LG 13 WD GP'
❌ NATRANS (FML CAT6030 SAKANIA BA3159.xlsx): No row found for truck 'LG 82 TW GP'
❌ NATRANS (FML CAT6030 SAKANIA BA3159.xlsx): No row found for truck 'LG 13 ZY GP'
❌ NATRANS (FML CAT6030 SAKANIA BA3159.xlsx): No row found for truck 'LH 94 MD GP'
❌ NATRANS (FML CAT6030 SAKANIA BA3159.xlsx): No row found for truck 'CT37XJZN'
❌ NATRANS (FML CAT6030 SAKANIA BA3159.xlsx): No row found for truck 'LG 14 BM GP'
❌ NATRANS (FML CAT6030 SAKANIA BA3159.xlsx): No row found for truck 'LK65PXGP'
❌ NATRANS (FML CAT6030 SAKANIA BA3159.xlsx): No row found for truck 'LL72BGGP'
📊 NATRANS (FML CAT6030 SAKANIA BA3159.xlsx) total rows updated: 0
Reading Vanito file: C:\Users\Jason\Projects\TRACKING-TASKS2\vendor-report\Vanito Tracking 2026 - FML DBN TO DRC.xlsx
C:\Users\Jason\AppData\Roaming\Python\Python314\site-packages\openpyxl\reader\workbook.py:118: UserWarning: Print area cannot be set to Defined name: '2 JUNE 2026 '!$B:$L.
  warn(f"Print area cannot be set to Defined name: {defn.value}.")
C:\Users\Jason\AppData\Roaming\Python\Python314\site-packages\openpyxl\reader\workbook.py:118: UserWarning: Print area cannot be set to Defined name: '3 JUNE 2026 '!$B:$L.
  warn(f"Print area cannot be set to Defined name: {defn.value}.")
Using latest sheet: '28 MAY 2026 ' (date: 2026-05-28)
Found 11 truck entries in Vanito (sheet: 28 MAY 2026 )
❌ Vanito: No row found for truck 'JK 89 HK GP'
❌ Vanito: No row found for truck 'HX 20 VW GP'
❌ Vanito: No row found for truck 'LB 37 HS GP'
❌ Vanito: No row found for truck 'JT 84 DP GP'
❌ Vanito: No row found for truck 'ADS0539'
❌ Vanito: No row found for truck 'BW 55 TN GP'
❌ Vanito: No row found for truck 'NPL 556 GP'
❌ Vanito: No row found for truck 'HL 20 JS GP'
❌ Vanito: No row found for truck 'MX 97 ZX GP'
❌ Vanito: No row found for truck 'AEZ8835'
❌ Vanito: No row found for truck 'BF 26 VM GP'
📊 Vanito total rows updated: 0
🎨 MANUAL OVERRIDE: Row 8 | BCF2053ZM → 'ACTIVE' (was 'SDGFMSLKZGM;RKLENH') colour=pink
📌 Total manual overrides applied: 1
💾 Saving changes to original file: C:\Users\Jason\Projects\TRACKING-TASKS2\BARTRAC-TRACKING\BARTRAC - KAMOA TRACKING AS OF 15-06-2026.xlsx

============================================================
Processing: BARTRAC - KCC TRACKING AS OF 15-06-2026.xlsx
============================================================
Using sheet: 'ENROUTE SITE'
📁 Backup created: C:\Users\Jason\Projects\TRACKING-TASKS2\BARTRAC-TRACKING\BARTRAC - KCC TRACKING AS OF 15-06-2026_backup_20260616_133236.xlsx
Reading FML file: C:\Users\Jason\Projects\TRACKING-TASKS2\vendor-report\FML CAT 6060.xlsx
✅ FML: Updated row 24 for CAT 6060 FRAME (RH) (truck FV44CKGP) → 'WHISKY' (was: 'LKJFTHM;RTDORTMONM;G')
✅ FML: Updated row 25 for CAT 6060 FRAME (LH) (truck B951BRN) → 'WHISKY' (was: 'LKJFTHM;RTDORTMONM;G')
✅ FML: Updated row 26 for CAT 6060 CAR BODY (truck KP92RMGP) → '3KM TO KASUMBALESA' (was: 'LKJFTHM;RTDORTMONM;G')
✅ FML: Updated row 27 for CAT 6060 CHASSIS (truck MP78HBGP) → 'CHISAMBA' (was: 'LKJFTHM;RTDORTMONM;G')
✅ FML: Updated row 28 for CAT 6060 MODULE AR POWER (truck BT14FTGP) → '3KM TO KASUMBALESA' (was: 'LKJFTHM;RTDORTMONM;G')
✅ FML: Updated row 29 for CAT 6060 RISER,COOLER,CABIN,HYDRAULICS (truck CP46TLGP) → 'WHISKY' (was: 'LKJFTHM;RTDORTMONM;G')
✅ FML: Updated row 30 for CAT 6060 COUNTERWEIGHT LOWER (truck BT33PGZN) → 'WHISKY' (was: 'LKJFTHM;RTDORTMONM;G')
✅ FML: Updated row 31 for CAT 6060 BOOM (truck LH95JBGP) → 'CHIRUNDU-ZIM SIDE' (was: 'LKJFTHM;RTDORTMONM;G')
✅ FML: Updated row 32 for CAT 6060 STICK (truck BT33NKZN) → 'WHISKY' (was: 'LKJFTHM;RTDORTMONM;G')
✅ FML: Updated row 33 for CAT 6060 COUNTERWEIGHT UPPER (truck AGJ9934) → 'WISKY' (was: 'LKJFTHM;RTDORTMONM;G')
📊 FML total rows updated: 10
Reading ORIENTO file: C:\Users\Jason\Projects\TRACKING-TASKS2\vendor-report\ORIENTO TRACKING REPORT TO FML (DURBAN PORT TO KCC_.xlsx (sheet: Lufu shipment )
Found 1 truck entries in ORIENTO (Lufu shipment )
❌ ORIENTO (Lufu shipment ): No row found for truck 'LZ27WFGP'
📊 ORIENTO (Lufu shipment ) total rows updated: 0
Reading ORIENTO file: C:\Users\Jason\Projects\TRACKING-TASKS2\vendor-report\ORIENTO TRACKING REPORT. - 1 X TRI-AXLE TO LOAD 1 x EG20 MOTOR GRADER -2603DSI2788 - BA2951-FREIGHTSTATIONS SA DURBAN TO KAMOA COPPER SA KOLWEZI DRC.xlsx (sheet: Lufu shipment )
Found 1 truck entries in ORIENTO (Lufu shipment )
❌ ORIENTO (Lufu shipment ): No row found for truck 'LZ27WFGP'
📊 ORIENTO (Lufu shipment ) total rows updated: 0
Reading NATRANS file: C:\Users\Jason\Projects\TRACKING-TASKS2\vendor-report\FML CAT6060 KOLWEZI BA3188.xlsx
Found 10 truck entries in FML CAT6060 KOLWEZI BA3188.xlsx
✅ NATRANS (FML CAT6060 KOLWEZI BA3188.xlsx): Updated row 7 (truck HZ64MTGP) → 'WHISKEY DAY 2' (was: 'LKJFTHM;RTDORTMONM;G')
✅ NATRANS (FML CAT6060 KOLWEZI BA3188.xlsx): Updated row 8 (truck KB15KRGP) → 'KAFUE ON BREAKDOWN. WAITING PARTS FROM SA' (was: 'LKJFTHM;RTDORTMONM;G')
✅ NATRANS (FML CAT6060 KOLWEZI BA3188.xlsx): Updated row 9 (truck LL76SZGP) → 'WHISKEY DAY 1' (was: 'LKJFTHM;RTDORTMONM;G')
✅ NATRANS (FML CAT6060 KOLWEZI BA3188.xlsx): Updated row 10 (truck MP88PXGP) → 'WHISKEY DAY 1' (was: 'LKJFTHM;RTDORTMONM;G')
✅ NATRANS (FML CAT6060 KOLWEZI BA3188.xlsx): Updated row 11 (truck DG63GMZN) → 'CHINGOLA' (was: 'LKJFTHM;RTDORTMONM;G')
✅ NATRANS (FML CAT6060 KOLWEZI BA3188.xlsx): Updated row 12 (truck BP43GGZN) → 'MIDDELBURG ATTENDING TO BREAKDOWN' (was: 'LKJFTHM;RTDORTMONM;G')
✅ NATRANS (FML CAT6060 KOLWEZI BA3188.xlsx): Updated row 13 (truck CL70WLZN) → 'KASUM ZAM' (was: 'LKJFTHM;RTDORTMONM;G')
✅ NATRANS (FML CAT6060 KOLWEZI BA3188.xlsx): Updated row 14 (truck CM09LLZN) → 'MAKUTI' (was: 'LKJFTHM;RTDORTMONM;G')
✅ NATRANS (FML CAT6060 KOLWEZI BA3188.xlsx): Updated row 15 (truck CD46KBZN) → 'KASUM ZAM' (was: 'LKJFTHM;RTDORTMONM;G')
✅ NATRANS (FML CAT6060 KOLWEZI BA3188.xlsx): Updated row 16 (truck CV76JXZN) → 'KWEKWE' (was: 'LKJFTHM;RTDORTMONM;G')
📊 NATRANS (FML CAT6060 KOLWEZI BA3188.xlsx) total rows updated: 10
Reading NATRANS file: C:\Users\Jason\Projects\TRACKING-TASKS2\vendor-report\FML CAT6030 SAKANIA BA3159.xlsx
Found 8 truck entries in FML CAT6030 SAKANIA BA3159.xlsx
❌ NATRANS (FML CAT6030 SAKANIA BA3159.xlsx): No row found for truck 'LG 13 WD GP'
❌ NATRANS (FML CAT6030 SAKANIA BA3159.xlsx): No row found for truck 'LG 82 TW GP'
❌ NATRANS (FML CAT6030 SAKANIA BA3159.xlsx): No row found for truck 'LG 13 ZY GP'
❌ NATRANS (FML CAT6030 SAKANIA BA3159.xlsx): No row found for truck 'LH 94 MD GP'
❌ NATRANS (FML CAT6030 SAKANIA BA3159.xlsx): No row found for truck 'CT37XJZN'
❌ NATRANS (FML CAT6030 SAKANIA BA3159.xlsx): No row found for truck 'LG 14 BM GP'
❌ NATRANS (FML CAT6030 SAKANIA BA3159.xlsx): No row found for truck 'LK65PXGP'
❌ NATRANS (FML CAT6030 SAKANIA BA3159.xlsx): No row found for truck 'LL72BGGP'
📊 NATRANS (FML CAT6030 SAKANIA BA3159.xlsx) total rows updated: 0
Reading Vanito file: C:\Users\Jason\Projects\TRACKING-TASKS2\vendor-report\Vanito Tracking 2026 - FML DBN TO DRC.xlsx
C:\Users\Jason\AppData\Roaming\Python\Python314\site-packages\openpyxl\reader\workbook.py:118: UserWarning: Print area cannot be set to Defined name: '2 JUNE 2026 '!$B:$L.
  warn(f"Print area cannot be set to Defined name: {defn.value}.")
C:\Users\Jason\AppData\Roaming\Python\Python314\site-packages\openpyxl\reader\workbook.py:118: UserWarning: Print area cannot be set to Defined name: '3 JUNE 2026 '!$B:$L.
  warn(f"Print area cannot be set to Defined name: {defn.value}.")
Using latest sheet: '28 MAY 2026 ' (date: 2026-05-28)
Found 11 truck entries in Vanito (sheet: 28 MAY 2026 )
❌ Vanito: No row found for truck 'JK 89 HK GP'
❌ Vanito: No row found for truck 'HX 20 VW GP'
❌ Vanito: No row found for truck 'LB 37 HS GP'
❌ Vanito: No row found for truck 'JT 84 DP GP'
❌ Vanito: No row found for truck 'ADS0539'
❌ Vanito: No row found for truck 'BW 55 TN GP'
❌ Vanito: No row found for truck 'NPL 556 GP'
❌ Vanito: No row found for truck 'HL 20 JS GP'
❌ Vanito: No row found for truck 'MX 97 ZX GP'
❌ Vanito: No row found for truck 'AEZ8835'
❌ Vanito: No row found for truck 'BF 26 VM GP'
📊 Vanito total rows updated: 0
📌 Total manual overrides applied: 0
💾 Saving changes to original file: C:\Users\Jason\Projects\TRACKING-TASKS2\BARTRAC-TRACKING\BARTRAC - KCC TRACKING AS OF 15-06-2026.xlsx

============================================================
Processing: BARTRAC - MUMI TRACKING AS OF 15-06-2026.xlsx
============================================================
Using sheet: 'ENROUTE SITE'
📁 Backup created: C:\Users\Jason\Projects\TRACKING-TASKS2\BARTRAC-TRACKING\BARTRAC - MUMI TRACKING AS OF 15-06-2026_backup_20260616_133237.xlsx
Reading FML file: C:\Users\Jason\Projects\TRACKING-TASKS2\vendor-report\FML CAT 6060.xlsx
❌ FML: No row found for truck 'FV44CKGP' (component: CAT 6060 FRAME (RH))
❌ FML: No row found for truck 'B951BRN' (component: CAT 6060 FRAME (LH))
❌ FML: No row found for truck 'KP92RMGP' (component: CAT 6060 CAR BODY)
❌ FML: No row found for truck 'MP78HBGP' (component: CAT 6060 CHASSIS)
❌ FML: No row found for truck 'BT14FTGP' (component: CAT 6060 MODULE AR POWER)
❌ FML: No row found for truck 'CP46TLGP' (component: CAT 6060 RISER,COOLER,CABIN,HYDRAULICS)
❌ FML: No row found for truck 'BT33PGZN' (component: CAT 6060 COUNTERWEIGHT LOWER)
❌ FML: No row found for truck 'LH95JBGP' (component: CAT 6060 BOOM)
❌ FML: No row found for truck 'BT33NKZN' (component: CAT 6060 STICK)
❌ FML: No row found for truck 'AGJ9934' (component: CAT 6060 COUNTERWEIGHT UPPER)
📊 FML total rows updated: 0
Reading ORIENTO file: C:\Users\Jason\Projects\TRACKING-TASKS2\vendor-report\ORIENTO TRACKING REPORT TO FML (DURBAN PORT TO KCC_.xlsx (sheet: Lufu shipment )
Found 1 truck entries in ORIENTO (Lufu shipment )
❌ ORIENTO (Lufu shipment ): No row found for truck 'LZ27WFGP'
📊 ORIENTO (Lufu shipment ) total rows updated: 0
Reading ORIENTO file: C:\Users\Jason\Projects\TRACKING-TASKS2\vendor-report\ORIENTO TRACKING REPORT. - 1 X TRI-AXLE TO LOAD 1 x EG20 MOTOR GRADER -2603DSI2788 - BA2951-FREIGHTSTATIONS SA DURBAN TO KAMOA COPPER SA KOLWEZI DRC.xlsx (sheet: Lufu shipment )
Found 1 truck entries in ORIENTO (Lufu shipment )
❌ ORIENTO (Lufu shipment ): No row found for truck 'LZ27WFGP'
📊 ORIENTO (Lufu shipment ) total rows updated: 0
Reading NATRANS file: C:\Users\Jason\Projects\TRACKING-TASKS2\vendor-report\FML CAT6060 KOLWEZI BA3188.xlsx
Found 10 truck entries in FML CAT6060 KOLWEZI BA3188.xlsx
❌ NATRANS (FML CAT6060 KOLWEZI BA3188.xlsx): No row found for truck 'HZ64MTGP'
❌ NATRANS (FML CAT6060 KOLWEZI BA3188.xlsx): No row found for truck 'KB15KRGP'
❌ NATRANS (FML CAT6060 KOLWEZI BA3188.xlsx): No row found for truck 'LL76SZGP'
❌ NATRANS (FML CAT6060 KOLWEZI BA3188.xlsx): No row found for truck 'MP88PXGP'
❌ NATRANS (FML CAT6060 KOLWEZI BA3188.xlsx): No row found for truck 'DG63GMZN'
❌ NATRANS (FML CAT6060 KOLWEZI BA3188.xlsx): No row found for truck 'BP43GGZN'
❌ NATRANS (FML CAT6060 KOLWEZI BA3188.xlsx): No row found for truck 'CL70WLZN'
❌ NATRANS (FML CAT6060 KOLWEZI BA3188.xlsx): No row found for truck 'CM09LLZN'
❌ NATRANS (FML CAT6060 KOLWEZI BA3188.xlsx): No row found for truck 'CD46KBZN'
❌ NATRANS (FML CAT6060 KOLWEZI BA3188.xlsx): No row found for truck 'CV76JXZN'
📊 NATRANS (FML CAT6060 KOLWEZI BA3188.xlsx) total rows updated: 0
Reading NATRANS file: C:\Users\Jason\Projects\TRACKING-TASKS2\vendor-report\FML CAT6030 SAKANIA BA3159.xlsx
Found 8 truck entries in FML CAT6030 SAKANIA BA3159.xlsx
❌ NATRANS (FML CAT6030 SAKANIA BA3159.xlsx): No row found for truck 'LG 13 WD GP'
❌ NATRANS (FML CAT6030 SAKANIA BA3159.xlsx): No row found for truck 'LG 82 TW GP'
❌ NATRANS (FML CAT6030 SAKANIA BA3159.xlsx): No row found for truck 'LG 13 ZY GP'
❌ NATRANS (FML CAT6030 SAKANIA BA3159.xlsx): No row found for truck 'LH 94 MD GP'
❌ NATRANS (FML CAT6030 SAKANIA BA3159.xlsx): No row found for truck 'CT37XJZN'
❌ NATRANS (FML CAT6030 SAKANIA BA3159.xlsx): No row found for truck 'LG 14 BM GP'
❌ NATRANS (FML CAT6030 SAKANIA BA3159.xlsx): No row found for truck 'LK65PXGP'
❌ NATRANS (FML CAT6030 SAKANIA BA3159.xlsx): No row found for truck 'LL72BGGP'
📊 NATRANS (FML CAT6030 SAKANIA BA3159.xlsx) total rows updated: 0
Reading Vanito file: C:\Users\Jason\Projects\TRACKING-TASKS2\vendor-report\Vanito Tracking 2026 - FML DBN TO DRC.xlsx
C:\Users\Jason\AppData\Roaming\Python\Python314\site-packages\openpyxl\reader\workbook.py:118: UserWarning: Print area cannot be set to Defined name: '2 JUNE 2026 '!$B:$L.
  warn(f"Print area cannot be set to Defined name: {defn.value}.")
C:\Users\Jason\AppData\Roaming\Python\Python314\site-packages\openpyxl\reader\workbook.py:118: UserWarning: Print area cannot be set to Defined name: '3 JUNE 2026 '!$B:$L.
  warn(f"Print area cannot be set to Defined name: {defn.value}.")
Using latest sheet: '28 MAY 2026 ' (date: 2026-05-28)
Found 11 truck entries in Vanito (sheet: 28 MAY 2026 )
❌ Vanito: No row found for truck 'JK 89 HK GP'
❌ Vanito: No row found for truck 'HX 20 VW GP'
✅ Vanito: Updated row 8 (truck LB 37 HS GP) → 'VAN REENEN ON ROUTE JHB' (was: 'KJARG;JARNERJGN')
❌ Vanito: No row found for truck 'JT 84 DP GP'
✅ Vanito: Updated row 10 (truck ADS0539) → 'MAYDON WARF' (was: 'KJARG;JARNERJGN')
❌ Vanito: No row found for truck 'BW 55 TN GP'
✅ Vanito: Updated row 12 (truck NPL 556 GP) → 'VAN REENEN ON ROUTE JHB' (was: 'KJARG;JARNERJGN')
✅ Vanito: Updated row 13 (truck HL 20 JS GP) → 'VANITO YARD' (was: 'KJARG;JARNERJGN')
✅ Vanito: Updated row 14 (truck MX 97 ZX GP) → 'VANITO YARD' (was: 'KJARG;JARNERJGN')
✅ Vanito: Updated row 15 (truck AEZ8835) → 'VANITO YARD' (was: 'KJARG;JARNERJGN')
✅ Vanito: Updated row 16 (truck BF 26 VM GP) → 'PASSING MOOI RIVER ON ROUTE JHB' (was: 'KJARG;JARNERJGN')
✅ Vanito: Updated row 17 (truck BF 26 VM GP) → 'PASSING MOOI RIVER ON ROUTE JHB' (was: 'KJARG;JARNERJGN')
📊 Vanito total rows updated: 8
📌 Total manual overrides applied: 0
💾 Saving changes to original file: C:\Users\Jason\Projects\TRACKING-TASKS2\BARTRAC-TRACKING\BARTRAC - MUMI TRACKING AS OF 15-06-2026.xlsx

✅ All BARTRAC files processed.